2025-09-17 02:50:59,118 - INFO - Successfully read the YAML file :D
2025-09-17 02:51:14,210 - INFO - Successfully read the YAML file :D
2025-09-17 02:51:14,210 - INFO - Data Ingestion started with mlops-project-2-nima and files is ['anime.csv', 'anime_with_synopsis.csv', 'animelist.csv']
2025-09-17 02:51:14,210 - INFO - Started data ingestion data process
2025-09-17 02:51:15,344 - INFO -  starting download: artifacts/raw/anime.csv
2025-09-17 02:51:16,690 - INFO -  starting download: artifacts/raw/anime_with_synopsis.csv
2025-09-17 02:51:17,359 - INFO -  starting download: artifacts/raw/animelist.csv
2025-09-17 02:51:42,568 - INFO - Large file detected, Only downloaded 2500 rows
2025-09-17 02:51:42,569 - INFO - CSV file successfully downloaded to artifacts/raw :)
2025-09-17 02:51:42,663 - INFO - Data ingestion done successfully :)
2025-09-17 02:51:42,663 - INFO - Data ingestion completed!
2025-09-17 03:04:05,456 - INFO - Successfully read the YAML file :D
2025-09-17 03:04:05,456 - INFO - Data Ingestion started with mlops-project-2-nima and files is ['anime.csv', 'anime_with_synopsis.csv', 'animelist.csv']
2025-09-17 03:04:05,456 - INFO - Started data ingestion data process
2025-09-17 03:04:06,443 - INFO -  starting download: artifacts/raw/anime.csv
2025-09-17 03:04:07,673 - INFO -  starting download: artifacts/raw/anime_with_synopsis.csv
2025-09-17 03:04:08,352 - INFO -  starting download: artifacts/raw/animelist.csv
2025-09-17 03:04:37,994 - INFO - Large file detected, Only downloaded 1500 rows
2025-09-17 03:04:37,994 - INFO - CSV file successfully downloaded to artifacts/raw :)
2025-09-17 03:04:38,088 - INFO - Data ingestion done successfully :)
2025-09-17 03:04:38,088 - INFO - Data ingestion completed!
2025-09-17 03:05:39,188 - INFO - Successfully read the YAML file :D
2025-09-17 03:05:39,188 - INFO - Data Ingestion started with mlops-project-2-nima and files is ['anime.csv', 'anime_with_synopsis.csv', 'animelist.csv']
2025-09-17 03:05:39,188 - INFO - Started data ingestion data process
2025-09-17 03:05:40,174 - INFO -  starting download: artifacts/raw/anime.csv
2025-09-17 03:05:41,207 - INFO -  starting download: artifacts/raw/anime_with_synopsis.csv
2025-09-17 03:05:41,825 - INFO -  starting download: artifacts/raw/animelist.csv
2025-09-17 03:06:20,850 - INFO - Large file detected, Only downloaded 1000 rows
2025-09-17 03:06:20,851 - INFO - CSV file successfully downloaded to artifacts/raw :)
2025-09-17 03:06:20,939 - INFO - Data ingestion done successfully :)
2025-09-17 03:06:20,939 - INFO - Data ingestion completed!
2025-09-17 03:14:26,486 - INFO - Successfully read the YAML file :D
2025-09-17 03:14:26,486 - INFO - Data Ingestion started with mlops-project-2-nima and files is ['anime.csv', 'anime_with_synopsis.csv', 'animelist.csv']
2025-09-17 03:14:26,486 - INFO - Started data ingestion data process
2025-09-17 03:14:27,442 - INFO -  starting download: artifacts/raw/anime.csv
2025-09-17 03:14:28,535 - INFO -  starting download: artifacts/raw/anime_with_synopsis.csv
2025-09-17 03:14:29,197 - INFO -  starting download: artifacts/raw/animelist.csv
2025-09-17 03:14:54,936 - INFO - Large file detected, Only downloaded 2000 rows
2025-09-17 03:14:54,936 - INFO - CSV file successfully downloaded to artifacts/raw :)
2025-09-17 03:14:55,025 - INFO - Data ingestion done successfully :)
2025-09-17 03:14:55,025 - INFO - Data ingestion completed!
2025-09-17 03:15:26,009 - INFO - Successfully read the YAML file :D
2025-09-17 03:15:26,009 - INFO - Data Ingestion started with mlops-project-2-nima and files is ['anime.csv', 'anime_with_synopsis.csv', 'animelist.csv']
2025-09-17 03:15:26,009 - INFO - Started data ingestion data process
2025-09-17 03:15:26,978 - INFO -  starting download: artifacts/raw/anime.csv
2025-09-17 03:15:28,060 - INFO -  starting download: artifacts/raw/anime_with_synopsis.csv
2025-09-17 03:15:28,637 - INFO -  starting download: artifacts/raw/animelist.csv
2025-09-17 03:15:57,607 - INFO - Large file detected, Only downloaded 1500 rows
2025-09-17 03:15:57,607 - INFO - CSV file successfully downloaded to artifacts/raw :)
2025-09-17 03:15:57,694 - INFO - Data ingestion done successfully :)
2025-09-17 03:15:57,694 - INFO - Data ingestion completed!
2025-09-17 06:27:33,231 - INFO - Successfully read the YAML file :D
2025-09-17 06:27:33,231 - INFO - Data Ingestion started with mlops-project-2-nima and files is ['anime.csv', 'anime_with_synopsis.csv', 'animelist.csv']
2025-09-17 06:27:33,231 - INFO - Started data ingestion data process
2025-09-17 06:27:34,274 - INFO -  starting download: artifacts/raw/anime.csv
2025-09-17 06:27:36,000 - INFO -  starting download: artifacts/raw/anime_with_synopsis.csv
2025-09-17 06:27:36,896 - INFO -  starting download: artifacts/raw/animelist.csv
2025-09-17 06:28:11,886 - INFO - Large file detected, Only downloaded 800 rows
2025-09-17 06:28:11,888 - INFO - CSV file successfully downloaded to artifacts/raw :)
2025-09-17 06:28:11,977 - INFO - Data ingestion done successfully :)
2025-09-17 06:28:11,977 - INFO - Data ingestion completed!
2025-09-17 06:38:12,116 - INFO - Successfully read the YAML file :D
2025-09-17 06:38:12,116 - INFO - Data Ingestion started with mlops-project-2-nima and files is ['anime.csv', 'anime_with_synopsis.csv', 'animelist.csv']
2025-09-17 06:38:12,116 - INFO - Started data ingestion data process
2025-09-17 06:38:12,800 - INFO -  starting download: artifacts/raw/anime.csv
2025-09-17 06:38:14,248 - INFO -  starting download: artifacts/raw/anime_with_synopsis.csv
2025-09-17 06:38:15,055 - INFO -  starting download: artifacts/raw/animelist.csv
2025-09-17 06:38:32,782 - INFO - Large file detected, Only downloaded 2500 rows
2025-09-17 06:38:32,782 - INFO - CSV file successfully downloaded to artifacts/raw :)
2025-09-17 06:38:32,853 - INFO - Data ingestion done successfully :)
2025-09-17 06:38:32,853 - INFO - Data ingestion completed!
2025-09-17 06:47:51,830 - INFO - Successfully read the YAML file :D
2025-09-17 06:47:51,830 - INFO - Data Ingestion started with mlops-project-2-nima and files is ['anime.csv', 'anime_with_synopsis.csv', 'animelist.csv']
2025-09-17 06:47:51,830 - INFO - Started data ingestion data process
2025-09-17 06:47:52,524 - INFO -  starting download: artifacts/raw/anime.csv
2025-09-17 06:47:53,641 - INFO -  starting download: artifacts/raw/anime_with_synopsis.csv
2025-09-17 06:47:54,294 - INFO -  starting download: artifacts/raw/animelist.csv
2025-09-17 06:48:12,598 - INFO - Large file detected, Only downloaded 2200 rows
2025-09-17 06:48:12,599 - INFO - CSV file successfully downloaded to artifacts/raw :)
2025-09-17 06:48:12,673 - INFO - Data ingestion done successfully :)
2025-09-17 06:48:12,674 - INFO - Data ingestion completed!
2025-09-17 06:53:34,842 - INFO - Successfully read the YAML file :D
2025-09-17 06:53:34,842 - INFO - Data Ingestion started with mlops-project-2-nima and files is ['anime.csv', 'anime_with_synopsis.csv', 'animelist.csv']
2025-09-17 06:53:34,842 - INFO - Started data ingestion data process
2025-09-17 06:53:35,645 - INFO -  starting download: artifacts/raw/anime.csv
2025-09-17 06:53:36,715 - INFO -  starting download: artifacts/raw/anime_with_synopsis.csv
2025-09-17 06:53:37,309 - INFO -  starting download: artifacts/raw/animelist.csv
2025-09-17 06:53:54,344 - INFO - Large file detected, Only downloaded 2700 rows
2025-09-17 06:53:54,346 - INFO - CSV file successfully downloaded to artifacts/raw :)
2025-09-17 06:53:54,416 - INFO - Data ingestion done successfully :)
2025-09-17 06:53:54,416 - INFO - Data ingestion completed!
2025-09-17 06:58:35,880 - INFO - Successfully read the YAML file :D
2025-09-17 06:58:35,880 - INFO - Data Ingestion started with mlops-project-2-nima and files is ['anime.csv', 'anime_with_synopsis.csv', 'animelist.csv']
2025-09-17 06:58:35,880 - INFO - Started data ingestion data process
2025-09-17 06:58:36,696 - INFO -  starting download: artifacts/raw/anime.csv
2025-09-17 06:58:37,777 - INFO -  starting download: artifacts/raw/anime_with_synopsis.csv
2025-09-17 06:58:38,375 - INFO -  starting download: artifacts/raw/animelist.csv
2025-09-17 06:58:54,921 - INFO - Large file detected, Only downloaded 3000 rows
2025-09-17 06:58:54,922 - INFO - CSV file successfully downloaded to artifacts/raw :)
2025-09-17 06:58:54,991 - INFO - Data ingestion done successfully :)
2025-09-17 06:58:54,991 - INFO - Data ingestion completed!
2025-09-17 17:33:02,257 - INFO - Successfully read the YAML file :D
2025-09-17 17:33:02,257 - INFO - Data Ingestion started with mlops-project-2-nima and files is ['anime.csv', 'anime_with_synopsis.csv', 'animelist.csv']
2025-09-17 17:33:02,257 - INFO - Started data ingestion data process
2025-09-17 17:33:03,475 - INFO -  starting download: artifacts/raw/anime.csv
2025-09-17 17:33:06,931 - INFO -  starting download: artifacts/raw/anime_with_synopsis.csv
2025-09-17 17:33:08,668 - INFO -  starting download: artifacts/raw/animelist.csv
2025-09-17 17:33:39,919 - INFO - Large file detected, Only downloaded 1500 rows
2025-09-17 17:33:39,919 - INFO - CSV file successfully downloaded to artifacts/raw :)
2025-09-17 17:33:40,025 - INFO - Data ingestion done successfully :)
2025-09-17 17:33:40,025 - INFO - Data ingestion completed!
2025-09-17 17:54:13,827 - INFO - Successfully read the YAML file :D
2025-09-17 17:54:13,827 - INFO - Data Ingestion started with mlops-project-2-nima and files is ['anime.csv', 'anime_with_synopsis.csv', 'animelist.csv']
2025-09-17 17:54:13,827 - INFO - Started data ingestion data process
2025-09-17 17:54:15,751 - INFO -  starting download: artifacts/raw/anime.csv
2025-09-17 17:54:17,407 - INFO -  starting download: artifacts/raw/anime_with_synopsis.csv
2025-09-17 17:54:18,340 - INFO -  starting download: artifacts/raw/animelist.csv
2025-09-17 17:54:34,331 - INFO - Large file detected, Only downloaded 3500 rows
2025-09-17 17:54:34,333 - INFO - CSV file successfully downloaded to artifacts/raw :)
2025-09-17 17:54:34,399 - INFO - Data ingestion done successfully :)
2025-09-17 17:54:34,399 - INFO - Data ingestion completed!
2025-09-17 19:50:36,779 - INFO - Successfully read the YAML file :D
2025-09-17 19:50:36,779 - INFO - Data Ingestion started with mlops-project-2-nima and files is ['anime.csv', 'anime_with_synopsis.csv', 'animelist.csv']
2025-09-17 19:50:36,779 - INFO - Started data ingestion data process
2025-09-17 19:50:38,084 - INFO -  starting download: artifacts/raw/anime.csv
2025-09-17 19:50:39,819 - INFO -  starting download: artifacts/raw/anime_with_synopsis.csv
2025-09-17 19:50:41,231 - INFO -  starting download: artifacts/raw/animelist.csv
2025-09-17 19:51:05,455 - INFO - Large file detected, Only downloaded 3200 rows
2025-09-17 19:51:05,456 - INFO - CSV file successfully downloaded to artifacts/raw :)
2025-09-17 19:51:05,557 - INFO - Data ingestion done successfully :)
2025-09-17 19:51:05,557 - INFO - Data ingestion completed!
2025-09-17 20:00:52,292 - INFO - Successfully read the YAML file :D
2025-09-17 20:00:52,292 - INFO - Data Ingestion started with mlops-project-2-nima and files is ['anime.csv', 'anime_with_synopsis.csv', 'animelist.csv']
2025-09-17 20:00:52,292 - INFO - Started data ingestion data process
2025-09-17 20:00:53,487 - INFO -  starting download: artifacts/raw/anime.csv
2025-09-17 20:00:54,838 - INFO -  starting download: artifacts/raw/anime_with_synopsis.csv
2025-09-17 20:00:55,607 - INFO -  starting download: artifacts/raw/animelist.csv
2025-09-17 20:01:23,345 - INFO - Large file detected, Only downloaded 2000 rows
2025-09-17 20:01:23,346 - INFO - CSV file successfully downloaded to artifacts/raw :)
2025-09-17 20:01:23,451 - INFO - Data ingestion done successfully :)
2025-09-17 20:01:23,451 - INFO - Data ingestion completed!
2025-09-17 20:08:49,151 - INFO - Successfully read the YAML file :D
2025-09-17 20:08:49,151 - INFO - Data Ingestion started with mlops-project-2-nima and files is ['anime.csv', 'anime_with_synopsis.csv', 'animelist.csv']
2025-09-17 20:08:49,151 - INFO - Started data ingestion data process
2025-09-17 20:08:50,250 - INFO -  starting download: artifacts/raw/anime.csv
2025-09-17 20:08:51,614 - INFO -  starting download: artifacts/raw/anime_with_synopsis.csv
2025-09-17 20:08:52,311 - INFO -  starting download: artifacts/raw/animelist.csv
2025-09-17 20:09:10,618 - INFO - Large file detected, Only downloaded 3200 rows
2025-09-17 20:09:10,618 - INFO - CSV file successfully downloaded to artifacts/raw :)
2025-09-17 20:09:10,693 - INFO - Data ingestion done successfully :)
2025-09-17 20:09:10,693 - INFO - Data ingestion completed!
